<?xml version="1.0" encoding="UTF-8"?>
<testsuite xmlns:xsi="http://www.w3.org/2001/XMLSchema-instance" xsi:noNamespaceSchemaLocation="https://maven.apache.org/surefire/maven-surefire-plugin/xsd/surefire-test-report-3.0.xsd" version="3.0" name="io.confluent.ksql.client.KSQLDBClientTest" time="0.015" tests="6" errors="0" skipped="6" failures="0">
  <properties>
    <property name="java.specification.version" value="23"/>
    <property name="sun.jnu.encoding" value="UTF-8"/>
    <property name="java.class.path" value="/Users/kamir/GITHUB.cflt/ks-inspector/target/test-classes:/Users/kamir/GITHUB.cflt/ks-inspector/target/classes:/Users/kamir/.m2/repository/info/picocli/picocli/4.7.5/picocli-4.7.5.jar:/Users/kamir/.m2/repository/info/picocli/picocli-codegen/4.7.5/picocli-codegen-4.7.5.jar:/Users/kamir/.m2/repository/com/fasterxml/jackson/core/jackson-annotations/2.17.0/jackson-annotations-2.17.0.jar:/Users/kamir/.m2/repository/com/fasterxml/jackson/module/jackson-module-jsonSchema/2.17.0/jackson-module-jsonSchema-2.17.0.jar:/Users/kamir/.m2/repository/javax/validation/validation-api/1.1.0.Final/validation-api-1.1.0.Final.jar:/Users/kamir/.m2/repository/com/fasterxml/jackson/core/jackson-core/2.17.0/jackson-core-2.17.0.jar:/Users/kamir/.m2/repository/org/apache/commons/commons-csv/1.10.0/commons-csv-1.10.0.jar:/Users/kamir/.m2/repository/org/apache/kafka/kafka-streams/3.7.0/kafka-streams-3.7.0.jar:/Users/kamir/.m2/repository/org/rocksdb/rocksdbjni/7.9.2/rocksdbjni-7.9.2.jar:/Users/kamir/.m2/repository/org/slf4j/slf4j-api/1.7.36/slf4j-api-1.7.36.jar:/Users/kamir/.m2/repository/io/confluent/confluent-log4j-extensions/7.6.0/confluent-log4j-extensions-7.6.0.jar:/Users/kamir/.m2/repository/ch/qos/reload4j/reload4j/1.2.25/reload4j-1.2.25.jar:/Users/kamir/.m2/repository/io/confluent/logredactor/1.0.12/logredactor-1.0.12.jar:/Users/kamir/.m2/repository/com/google/re2j/re2j/1.6/re2j-1.6.jar:/Users/kamir/.m2/repository/io/confluent/logredactor-metrics/1.0.12/logredactor-metrics-1.0.12.jar:/Users/kamir/.m2/repository/com/eclipsesource/minimal-json/minimal-json/0.9.5/minimal-json-0.9.5.jar:/Users/kamir/.m2/repository/org/apache/kafka/connect-api/7.6.0-ccs/connect-api-7.6.0-ccs.jar:/Users/kamir/.m2/repository/javax/ws/rs/javax.ws.rs-api/2.1.1/javax.ws.rs-api-2.1.1.jar:/Users/kamir/.m2/repository/io/confluent/common-logging/7.6.0/common-logging-7.6.0.jar:/Users/kamir/.m2/repository/org/apache/kafka/connect-json/7.6.0-ccs/connect-json-7.6.0-ccs.jar:/Users/kamir/.m2/repository/com/google/guava/guava/32.0.1-jre/guava-32.0.1-jre.jar:/Users/kamir/.m2/repository/com/google/guava/failureaccess/1.0.1/failureaccess-1.0.1.jar:/Users/kamir/.m2/repository/com/google/guava/listenablefuture/9999.0-empty-to-avoid-conflict-with-guava/listenablefuture-9999.0-empty-to-avoid-conflict-with-guava.jar:/Users/kamir/.m2/repository/com/google/code/findbugs/jsr305/3.0.2/jsr305-3.0.2.jar:/Users/kamir/.m2/repository/org/checkerframework/checker-qual/3.33.0/checker-qual-3.33.0.jar:/Users/kamir/.m2/repository/com/google/errorprone/error_prone_annotations/2.18.0/error_prone_annotations-2.18.0.jar:/Users/kamir/.m2/repository/com/google/j2objc/j2objc-annotations/2.8/j2objc-annotations-2.8.jar:/Users/kamir/.m2/repository/org/apache/kafka/kafka-log4j-appender/3.7.0/kafka-log4j-appender-3.7.0.jar:/Users/kamir/.m2/repository/org/slf4j/slf4j-reload4j/1.7.36/slf4j-reload4j-1.7.36.jar:/Users/kamir/.m2/repository/org/apache/kafka/kafka-clients/3.7.0/kafka-clients-3.7.0.jar:/Users/kamir/.m2/repository/com/github/luben/zstd-jni/1.5.5-6/zstd-jni-1.5.5-6.jar:/Users/kamir/.m2/repository/org/lz4/lz4-java/1.8.0/lz4-java-1.8.0.jar:/Users/kamir/.m2/repository/org/xerial/snappy/snappy-java/1.1.10.5/snappy-java-1.1.10.5.jar:/Users/kamir/.m2/repository/com/fasterxml/jackson/core/jackson-databind/2.17.0/jackson-databind-2.17.0.jar:/Users/kamir/.m2/repository/net/bytebuddy/byte-buddy/1.14.9/byte-buddy-1.14.9.jar:/Users/kamir/.m2/repository/org/apache/logging/log4j/log4j-core/2.23.1/log4j-core-2.23.1.jar:/Users/kamir/.m2/repository/org/apache/logging/log4j/log4j-api/2.23.1/log4j-api-2.23.1.jar:/Users/kamir/.m2/repository/com/fasterxml/jackson/dataformat/jackson-dataformat-yaml/2.17.0/jackson-dataformat-yaml-2.17.0.jar:/Users/kamir/.m2/repository/org/yaml/snakeyaml/2.2/snakeyaml-2.2.jar:/Users/kamir/.m2/repository/io/confluent/ksql/ksqldb-api-client/7.6.0/ksqldb-api-client-7.6.0.jar:/Users/kamir/.m2/repository/io/confluent/ksql/ksqldb-rest-model/7.6.0/ksqldb-rest-model-7.6.0.jar:/Users/kamir/.m2/repository/io/confluent/ksql/ksqldb-common/7.6.0/ksqldb-common-7.6.0.jar:/Users/kamir/.m2/repository/com/fasterxml/jackson/datatype/jackson-datatype-jdk8/2.14.2/jackson-datatype-jdk8-2.14.2.jar:/Users/kamir/.m2/repository/io/vertx/vertx-core/4.4.6/vertx-core-4.4.6.jar:/Users/kamir/.m2/repository/io/netty/netty-common/4.1.100.Final/netty-common-4.1.100.Final.jar:/Users/kamir/.m2/repository/io/netty/netty-buffer/4.1.100.Final/netty-buffer-4.1.100.Final.jar:/Users/kamir/.m2/repository/io/netty/netty-transport/4.1.100.Final/netty-transport-4.1.100.Final.jar:/Users/kamir/.m2/repository/io/netty/netty-handler-proxy/4.1.100.Final/netty-handler-proxy-4.1.100.Final.jar:/Users/kamir/.m2/repository/io/netty/netty-codec-socks/4.1.100.Final/netty-codec-socks-4.1.100.Final.jar:/Users/kamir/.m2/repository/io/netty/netty-codec-http/4.1.100.Final/netty-codec-http-4.1.100.Final.jar:/Users/kamir/.m2/repository/io/netty/netty-codec-http2/4.1.100.Final/netty-codec-http2-4.1.100.Final.jar:/Users/kamir/.m2/repository/io/netty/netty-resolver/4.1.100.Final/netty-resolver-4.1.100.Final.jar:/Users/kamir/.m2/repository/io/netty/netty-resolver-dns/4.1.100.Final/netty-resolver-dns-4.1.100.Final.jar:/Users/kamir/.m2/repository/io/netty/netty-codec-dns/4.1.100.Final/netty-codec-dns-4.1.100.Final.jar:/Users/kamir/.m2/repository/io/vertx/vertx-codegen/4.4.6/vertx-codegen-4.4.6.jar:/Users/kamir/.m2/repository/org/reactivestreams/reactive-streams/1.0.3/reactive-streams-1.0.3.jar:/Users/kamir/.m2/repository/com/github/spotbugs/spotbugs-annotations/4.7.1/spotbugs-annotations-4.7.1.jar:/Users/kamir/.m2/repository/io/confluent/broker-plugins/7.6.0-ce/broker-plugins-7.6.0-ce.jar:/Users/kamir/.m2/repository/org/bouncycastle/bcpkix-jdk18on/1.77/bcpkix-jdk18on-1.77.jar:/Users/kamir/.m2/repository/org/bouncycastle/bcprov-jdk18on/1.77/bcprov-jdk18on-1.77.jar:/Users/kamir/.m2/repository/org/bouncycastle/bcutil-jdk18on/1.77/bcutil-jdk18on-1.77.jar:/Users/kamir/.m2/repository/io/confluent/cloud/events-schema/0.203.0/events-schema-0.203.0.jar:/Users/kamir/.m2/repository/org/mindrot/jbcrypt/0.4/jbcrypt-0.4.jar:/Users/kamir/.m2/repository/org/bitbucket/b_c/jose4j/0.9.3/jose4j-0.9.3.jar:/Users/kamir/.m2/repository/com/google/protobuf/protobuf-java/3.19.6/protobuf-java-3.19.6.jar:/Users/kamir/.m2/repository/com/google/protobuf/protobuf-java-util/3.19.6/protobuf-java-util-3.19.6.jar:/Users/kamir/.m2/repository/com/yammer/metrics/metrics-core/2.2.0/metrics-core-2.2.0.jar:/Users/kamir/.m2/repository/com/fasterxml/jackson/dataformat/jackson-dataformat-properties/2.14.2/jackson-dataformat-properties-2.14.2.jar:/Users/kamir/.m2/repository/org/apache/kafka/kafka-metadata/7.6.0-ce/kafka-metadata-7.6.0-ce.jar:/Users/kamir/.m2/repository/org/apache/kafka/kafka-raft/7.6.0-ce/kafka-raft-7.6.0-ce.jar:/Users/kamir/.m2/repository/org/apache/kafka/kafka-server-common/7.6.0-ce/kafka-server-common-7.6.0-ce.jar:/Users/kamir/.m2/repository/net/sf/jopt-simple/jopt-simple/5.0.4/jopt-simple-5.0.4.jar:/Users/kamir/.m2/repository/org/pcollections/pcollections/4.0.1/pcollections-4.0.1.jar:/Users/kamir/.m2/repository/io/confluent/confluent-licensing-new/7.6.0-ce/confluent-licensing-new-7.6.0-ce.jar:/Users/kamir/.m2/repository/org/apache/kafka/connect-runtime/7.6.0-ce/connect-runtime-7.6.0-ce.jar:/Users/kamir/.m2/repository/org/apache/kafka/connect-transforms/7.6.0-ce/connect-transforms-7.6.0-ce.jar:/Users/kamir/.m2/repository/io/confluent/connect-ce-logs/7.6.0-ce/connect-ce-logs-7.6.0-ce.jar:/Users/kamir/.m2/repository/io/confluent/confluent-resource-names/7.6.0-ce/confluent-resource-names-7.6.0-ce.jar:/Users/kamir/.m2/repository/javax/xml/bind/jaxb-api/2.3.0/jaxb-api-2.3.0.jar:/Users/kamir/.m2/repository/javax/activation/activation/1.1.1/activation-1.1.1.jar:/Users/kamir/.m2/repository/org/eclipse/jetty/jetty-servlets/9.4.53.v20231009/jetty-servlets-9.4.53.v20231009.jar:/Users/kamir/.m2/repository/org/eclipse/jetty/jetty-continuation/9.4.53.v20231009/jetty-continuation-9.4.53.v20231009.jar:/Users/kamir/.m2/repository/org/reflections/reflections/0.10.2/reflections-0.10.2.jar:/Users/kamir/.m2/repository/org/apache/maven/maven-artifact/3.8.8/maven-artifact-3.8.8.jar:/Users/kamir/.m2/repository/org/codehaus/plexus/plexus-utils/3.3.1/plexus-utils-3.3.1.jar:/Users/kamir/.m2/repository/io/confluent/confluent-serializers-new/7.6.0-ce/confluent-serializers-new-7.6.0-ce.jar:/Users/kamir/.m2/repository/io/confluent/kafka-client-plugins/7.6.0-ce/kafka-client-plugins-7.6.0-ce.jar:/Users/kamir/.m2/repository/org/eclipse/jetty/jetty-client/9.4.53.v20231009/jetty-client-9.4.53.v20231009.jar:/Users/kamir/.m2/repository/org/bouncycastle/bc-fips/1.0.2.4/bc-fips-1.0.2.4.jar:/Users/kamir/.m2/repository/org/bouncycastle/bcpkix-fips/1.0.6/bcpkix-fips-1.0.6.jar:/Users/kamir/.m2/repository/org/bouncycastle/bctls-fips/1.0.13/bctls-fips-1.0.13.jar:/Users/kamir/.m2/repository/io/confluent/authorizer/7.6.0-ce/authorizer-7.6.0-ce.jar:/Users/kamir/.m2/repository/io/confluent/rest-authorizer/7.6.0-ce/rest-authorizer-7.6.0-ce.jar:/Users/kamir/.m2/repository/io/confluent/security/security-extensions/7.6.0-ce/security-extensions-7.6.0-ce.jar:/Users/kamir/.m2/repository/org/projectnessie/cel/cel-core/0.3.5/cel-core-0.3.5.jar:/Users/kamir/.m2/repository/org/projectnessie/cel/cel-generated-pb/0.3.5/cel-generated-pb-0.3.5.jar:/Users/kamir/.m2/repository/org/projectnessie/cel/cel-generated-antlr/0.3.5/cel-generated-antlr-0.3.5.jar:/Users/kamir/.m2/repository/org/agrona/agrona/1.15.2/agrona-1.15.2.jar:/Users/kamir/.m2/repository/org/glassfish/hk2/external/jakarta.inject/2.6.1/jakarta.inject-2.6.1.jar:/Users/kamir/.m2/repository/javax/annotation/javax.annotation-api/1.3.2/javax.annotation-api-1.3.2.jar:/Users/kamir/.m2/repository/io/confluent/auth-metadata/7.6.0-ce/auth-metadata-7.6.0-ce.jar:/Users/kamir/.m2/repository/io/confluent/rbac/7.6.0-ce/rbac-7.6.0-ce.jar:/Users/kamir/.m2/repository/io/spiffe/java-spiffe-provider/0.8.4/java-spiffe-provider-0.8.4.jar:/Users/kamir/.m2/repository/commons-validator/commons-validator/1.7/commons-validator-1.7.jar:/Users/kamir/.m2/repository/commons-beanutils/commons-beanutils/1.9.4/commons-beanutils-1.9.4.jar:/Users/kamir/.m2/repository/commons-digester/commons-digester/2.1/commons-digester-2.1.jar:/Users/kamir/.m2/repository/commons-collections/commons-collections/3.2.2/commons-collections-3.2.2.jar:/Users/kamir/.m2/repository/io/spiffe/grpc-netty-macos/0.8.4/grpc-netty-macos-0.8.4.jar:/Users/kamir/.m2/repository/io/spiffe/java-spiffe-core/0.8.4/java-spiffe-core-0.8.4.jar:/Users/kamir/.m2/repository/io/grpc/grpc-protobuf/1.54.0/grpc-protobuf-1.54.0.jar:/Users/kamir/.m2/repository/io/grpc/grpc-api/1.54.0/grpc-api-1.54.0.jar:/Users/kamir/.m2/repository/com/google/api/grpc/proto-google-common-protos/2.9.0/proto-google-common-protos-2.9.0.jar:/Users/kamir/.m2/repository/io/grpc/grpc-protobuf-lite/1.54.0/grpc-protobuf-lite-1.54.0.jar:/Users/kamir/.m2/repository/io/grpc/grpc-stub/1.54.0/grpc-stub-1.54.0.jar:/Users/kamir/.m2/repository/com/nimbusds/nimbus-jose-jwt/9.31/nimbus-jose-jwt-9.31.jar:/Users/kamir/.m2/repository/com/github/stephenc/jcip/jcip-annotations/1.0-1/jcip-annotations-1.0-1.jar:/Users/kamir/.m2/repository/io/dropwizard/metrics/metrics-core/4.1.12.1/metrics-core-4.1.12.1.jar:/Users/kamir/.m2/repository/io/spiffe/grpc-netty-linux/0.8.4/grpc-netty-linux-0.8.4.jar:/Users/kamir/.m2/repository/io/grpc/grpc-netty-shaded/1.54.0/grpc-netty-shaded-1.54.0.jar:/Users/kamir/.m2/repository/io/perfmark/perfmark-api/0.25.0/perfmark-api-0.25.0.jar:/Users/kamir/.m2/repository/io/grpc/grpc-core/1.54.0/grpc-core-1.54.0.jar:/Users/kamir/.m2/repository/com/google/android/annotations/4.1.1.4/annotations-4.1.1.4.jar:/Users/kamir/.m2/repository/org/codehaus/mojo/animal-sniffer-annotations/1.21/animal-sniffer-annotations-1.21.jar:/Users/kamir/.m2/repository/io/confluent/kafka-schema-registry-client/7.6.0/kafka-schema-registry-client-7.6.0.jar:/Users/kamir/.m2/repository/org/apache/avro/avro/1.11.3/avro-1.11.3.jar:/Users/kamir/.m2/repository/org/apache/commons/commons-compress/1.21/commons-compress-1.21.jar:/Users/kamir/.m2/repository/io/swagger/core/v3/swagger-annotations/2.1.10/swagger-annotations-2.1.10.jar:/Users/kamir/.m2/repository/io/confluent/common-utils/7.6.0/common-utils-7.6.0.jar:/Users/kamir/.m2/repository/commons-cli/commons-cli/1.6.0/commons-cli-1.6.0.jar:/Users/kamir/.m2/repository/org/apache/httpcomponents/httpclient/4.5.14/httpclient-4.5.14.jar:/Users/kamir/.m2/repository/org/apache/httpcomponents/httpcore/4.4.16/httpcore-4.4.16.jar:/Users/kamir/.m2/repository/commons-logging/commons-logging/1.2/commons-logging-1.2.jar:/Users/kamir/.m2/repository/commons-codec/commons-codec/1.11/commons-codec-1.11.jar:/Users/kamir/.m2/repository/com/google/code/gson/gson/2.10.1/gson-2.10.1.jar:/Users/kamir/.m2/repository/org/jgrapht/jgrapht-core/1.5.2/jgrapht-core-1.5.2.jar:/Users/kamir/.m2/repository/org/jheaps/jheaps/0.14/jheaps-0.14.jar:/Users/kamir/.m2/repository/org/apfloat/apfloat/1.10.1/apfloat-1.10.1.jar:/Users/kamir/.m2/repository/org/jgrapht/jgrapht-io/1.5.2/jgrapht-io-1.5.2.jar:/Users/kamir/.m2/repository/org/antlr/antlr4-runtime/4.12.0/antlr4-runtime-4.12.0.jar:/Users/kamir/.m2/repository/org/apache/commons/commons-text/1.10.0/commons-text-1.10.0.jar:/Users/kamir/.m2/repository/org/apache/commons/commons-lang3/3.12.0/commons-lang3-3.12.0.jar:/Users/kamir/.m2/repository/org/jgrapht/jgrapht-ext/1.5.2/jgrapht-ext-1.5.2.jar:/Users/kamir/.m2/repository/com/github/vlsi/mxgraph/jgraphx/4.2.2/jgraphx-4.2.2.jar:/Users/kamir/.m2/repository/org/neo4j/neo4j/5.18.0/neo4j-5.18.0.jar:/Users/kamir/.m2/repository/org/neo4j/annotations/5.18.0/annotations-5.18.0.jar:/Users/kamir/.m2/repository/org/eclipse/collections/eclipse-collections/11.1.0/eclipse-collections-11.1.0.jar:/Users/kamir/.m2/repository/org/eclipse/collections/eclipse-collections-api/11.1.0/eclipse-collections-api-11.1.0.jar:/Users/kamir/.m2/repository/org/neo4j/neo4j-kernel/5.18.0/neo4j-kernel-5.18.0.jar:/Users/kamir/.m2/repository/org/neo4j/neo4j-native/5.18.0/neo4j-native-5.18.0.jar:/Users/kamir/.m2/repository/net/java/dev/jna/jna/5.14.0/jna-5.14.0.jar:/Users/kamir/.m2/repository/org/neo4j/neo4j-graphdb-api/5.18.0/neo4j-graphdb-api-5.18.0.jar:/Users/kamir/.m2/repository/org/neo4j/neo4j-kernel-api/5.18.0/neo4j-kernel-api-5.18.0.jar:/Users/kamir/.m2/repository/org/neo4j/neo4j-monitoring/5.18.0/neo4j-monitoring-5.18.0.jar:/Users/kamir/.m2/repository/org/neo4j/neo4j-diagnostics/5.18.0/neo4j-diagnostics-5.18.0.jar:/Users/kamir/.m2/repository/org/neo4j/neo4j-schema/5.18.0/neo4j-schema-5.18.0.jar:/Users/kamir/.m2/repository/org/neo4j/neo4j-lock/5.18.0/neo4j-lock-5.18.0.jar:/Users/kamir/.m2/repository/org/neo4j/neo4j-token-api/5.18.0/neo4j-token-api-5.18.0.jar:/Users/kamir/.m2/repository/org/neo4j/neo4j-storage-engine-util/5.18.0/neo4j-storage-engine-util-5.18.0.jar:/Users/kamir/.m2/repository/org/neo4j/neo4j-common/5.18.0/neo4j-common-5.18.0.jar:/Users/kamir/.m2/repository/org/neo4j/neo4j-values/5.18.0/neo4j-values-5.18.0.jar:/Users/kamir/.m2/repository/org/neo4j/neo4j-unsafe/5.18.0/neo4j-unsafe-5.18.0.jar:/Users/kamir/.m2/repository/org/neo4j/neo4j-collections/5.18.0/neo4j-collections-5.18.0.jar:/Users/kamir/.m2/repository/com/github/ben-manes/caffeine/caffeine/3.1.8/caffeine-3.1.8.jar:/Users/kamir/.m2/repository/org/neo4j/neo4j-io/5.18.0/neo4j-io-5.18.0.jar:/Users/kamir/.m2/repository/org/neo4j/neo4j-concurrent/5.18.0/neo4j-concurrent-5.18.0.jar:/Users/kamir/.m2/repository/org/neo4j/neo4j-logging/5.18.0/neo4j-logging-5.18.0.jar:/Users/kamir/.m2/repository/org/codehaus/jettison/jettison/1.5.4/jettison-1.5.4.jar:/Users/kamir/.m2/repository/org/apache/logging/log4j/log4j-layout-template-json/2.20.0/log4j-layout-template-json-2.20.0.jar:/Users/kamir/.m2/repository/org/neo4j/neo4j-configuration/5.18.0/neo4j-configuration-5.18.0.jar:/Users/kamir/.m2/repository/com/github/seancfoley/ipaddress/5.4.2/ipaddress-5.4.2.jar:/Users/kamir/.m2/repository/org/neo4j/neo4j-layout/5.18.0/neo4j-layout-5.18.0.jar:/Users/kamir/.m2/repository/org/neo4j/neo4j-index/5.18.0/neo4j-index-5.18.0.jar:/Users/kamir/.m2/repository/org/neo4j/neo4j-spatial-index/5.18.0/neo4j-spatial-index-5.18.0.jar:/Users/kamir/.m2/repository/org/neo4j/neo4j-id-generator/5.18.0/neo4j-id-generator-5.18.0.jar:/Users/kamir/.m2/repository/org/neo4j/neo4j-wal/5.18.0/neo4j-wal-5.18.0.jar:/Users/kamir/.m2/repository/org/neo4j/neo4j-import-util/5.18.0/neo4j-import-util-5.18.0.jar:/Users/kamir/.m2/repository/org/neo4j/neo4j-csv/5.18.0/neo4j-csv-5.18.0.jar:/Users/kamir/.m2/repository/org/jctools/jctools-core/4.0.2/jctools-core-4.0.2.jar:/Users/kamir/.m2/repository/org/neo4j/neo4j-fabric/5.18.0/neo4j-fabric-5.18.0.jar:/Users/kamir/.m2/repository/org/neo4j/neo4j-front-end/5.18.0/neo4j-front-end-5.18.0.jar:/Users/kamir/.m2/repository/org/neo4j/neo4j-expressions/5.18.0/neo4j-expressions-5.18.0.jar:/Users/kamir/.m2/repository/org/neo4j/neo4j-cypher-ast-factory/5.18.0/neo4j-cypher-ast-factory-5.18.0.jar:/Users/kamir/.m2/repository/org/neo4j/neo4j-cypher-macros/5.18.0/neo4j-cypher-macros-5.18.0.jar:/Users/kamir/.m2/repository/org/scala-lang/scala-reflect/2.13.11/scala-reflect-2.13.11.jar:/Users/kamir/.m2/repository/org/neo4j/neo4j-query-router/5.18.0/neo4j-query-router-5.18.0.jar:/Users/kamir/.m2/repository/org/neo4j/neo4j-procedure/5.18.0/neo4j-procedure-5.18.0.jar:/Users/kamir/.m2/repository/org/neo4j/neo4j-procedure-api/5.18.0/neo4j-procedure-api-5.18.0.jar:/Users/kamir/.m2/repository/org/neo4j/neo4j-codegen/5.18.0/neo4j-codegen-5.18.0.jar:/Users/kamir/.m2/repository/org/ow2/asm/asm/9.6/asm-9.6.jar:/Users/kamir/.m2/repository/org/ow2/asm/asm-util/9.6/asm-util-9.6.jar:/Users/kamir/.m2/repository/org/ow2/asm/asm-analysis/9.6/asm-analysis-9.6.jar:/Users/kamir/.m2/repository/org/ow2/asm/asm-tree/9.6/asm-tree-9.6.jar:/Users/kamir/.m2/repository/org/neo4j/neo4j-cypher-expression-evaluator/5.18.0/neo4j-cypher-expression-evaluator-5.18.0.jar:/Users/kamir/.m2/repository/org/neo4j/neo4j-ast/5.18.0/neo4j-ast-5.18.0.jar:/Users/kamir/.m2/repository/org/neo4j/neo4j-lucene-index/5.18.0/neo4j-lucene-index-5.18.0.jar:/Users/kamir/.m2/repository/org/neo4j/neo4j-resource/5.18.0/neo4j-resource-5.18.0.jar:/Users/kamir/.m2/repository/org/apache/lucene/lucene-analysis-common/9.8.0/lucene-analysis-common-9.8.0.jar:/Users/kamir/.m2/repository/org/apache/lucene/lucene-core/9.8.0/lucene-core-9.8.0.jar:/Users/kamir/.m2/repository/org/apache/lucene/lucene-queryparser/9.8.0/lucene-queryparser-9.8.0.jar:/Users/kamir/.m2/repository/org/apache/lucene/lucene-backward-codecs/9.8.0/lucene-backward-codecs-9.8.0.jar:/Users/kamir/.m2/repository/org/neo4j/neo4j-fulltext-index/5.18.0/neo4j-fulltext-index-5.18.0.jar:/Users/kamir/.m2/repository/org/neo4j/neo4j-graph-algo/5.18.0/neo4j-graph-algo-5.18.0.jar:/Users/kamir/.m2/repository/org/neo4j/neo4j-cypher-runtime-util/5.18.0/neo4j-cypher-runtime-util-5.18.0.jar:/Users/kamir/.m2/repository/org/neo4j/neo4j-cypher-logical-plans/5.18.0/neo4j-cypher-logical-plans-5.18.0.jar:/Users/kamir/.m2/repository/org/neo4j/neo4j-data-collector/5.18.0/neo4j-data-collector-5.18.0.jar:/Users/kamir/.m2/repository/org/neo4j/neo4j-cypher-planner/5.18.0/neo4j-cypher-planner-5.18.0.jar:/Users/kamir/.m2/repository/org/scala-lang/modules/scala-collection-contrib_2.13/0.3.0/scala-collection-contrib_2.13-0.3.0.jar:/Users/kamir/.m2/repository/org/neo4j/neo4j-notifications/5.18.0/neo4j-notifications-5.18.0.jar:/Users/kamir/.m2/repository/org/neo4j/neo4j-cypher-ir/5.18.0/neo4j-cypher-ir-5.18.0.jar:/Users/kamir/.m2/repository/org/neo4j/neo4j-cypher-javacc-parser/5.18.0/neo4j-cypher-javacc-parser-5.18.0.jar:/Users/kamir/.m2/repository/org/neo4j/cypher-ast-factory/5.18.0/cypher-ast-factory-5.18.0.jar:/Users/kamir/.m2/repository/org/neo4j/neo4j-cypher-rendering/5.18.0/neo4j-cypher-rendering-5.18.0.jar:/Users/kamir/.m2/repository/org/neo4j/neo4j-rewriting/5.18.0/neo4j-rewriting-5.18.0.jar:/Users/kamir/.m2/repository/org/neo4j/neo4j-cypher/5.18.0/neo4j-cypher-5.18.0.jar:/Users/kamir/.m2/repository/org/scala-lang/scala-library/2.13.11/scala-library-2.13.11.jar:/Users/kamir/.m2/repository/org/neo4j/neo4j-cypher-physical-planning/5.18.0/neo4j-cypher-physical-planning-5.18.0.jar:/Users/kamir/.m2/repository/org/neo4j/neo4j-exceptions/5.18.0/neo4j-exceptions-5.18.0.jar:/Users/kamir/.m2/repository/org/neo4j/neo4j-util/5.18.0/neo4j-util-5.18.0.jar:/Users/kamir/.m2/repository/org/neo4j/neo4j-cypher-config/5.18.0/neo4j-cypher-config-5.18.0.jar:/Users/kamir/.m2/repository/com/softwaremill/magnolia1_2/magnolia_2.13/1.1.8/magnolia_2.13-1.1.8.jar:/Users/kamir/.m2/repository/org/neo4j/neo4j-cypher-cache/5.18.0/neo4j-cypher-cache-5.18.0.jar:/Users/kamir/.m2/repository/org/neo4j/neo4j-cypher-planner-spi/5.18.0/neo4j-cypher-planner-spi-5.18.0.jar:/Users/kamir/.m2/repository/org/neo4j/neo4j-cypher-interpreted-runtime/5.18.0/neo4j-cypher-interpreted-runtime-5.18.0.jar:/Users/kamir/.m2/repository/org/neo4j/neo4j-cypher-slotted-runtime/5.18.0/neo4j-cypher-slotted-runtime-5.18.0.jar:/Users/kamir/.m2/repository/org/apache/shiro/shiro-core/1.13.0/shiro-core-1.13.0.jar:/Users/kamir/.m2/repository/org/apache/shiro/shiro-lang/1.13.0/shiro-lang-1.13.0.jar:/Users/kamir/.m2/repository/org/apache/shiro/shiro-cache/1.13.0/shiro-cache-1.13.0.jar:/Users/kamir/.m2/repository/org/apache/shiro/shiro-crypto-hash/1.13.0/shiro-crypto-hash-1.13.0.jar:/Users/kamir/.m2/repository/org/apache/shiro/shiro-crypto-core/1.13.0/shiro-crypto-core-1.13.0.jar:/Users/kamir/.m2/repository/org/apache/shiro/shiro-crypto-cipher/1.13.0/shiro-crypto-cipher-1.13.0.jar:/Users/kamir/.m2/repository/org/apache/shiro/shiro-config-core/1.13.0/shiro-config-core-1.13.0.jar:/Users/kamir/.m2/repository/org/apache/shiro/shiro-event/1.13.0/shiro-event-1.13.0.jar:/Users/kamir/.m2/repository/org/bitbucket/inkytonik/kiama/kiama_2.13/2.5.1/kiama_2.13-2.5.1.jar:/Users/kamir/.m2/repository/org/neo4j/neo4j-security/5.18.0/neo4j-security-5.18.0.jar:/Users/kamir/.m2/repository/org/neo4j/neo4j-command-line/5.18.0/neo4j-command-line-5.18.0.jar:/Users/kamir/.m2/repository/org/neo4j/neo4j-bolt/5.18.0/neo4j-bolt-5.18.0.jar:/Users/kamir/.m2/repository/org/neo4j/neo4j-ssl/5.18.0/neo4j-ssl-5.18.0.jar:/Users/kamir/.m2/repository/org/neo4j/server-api/5.18.0/server-api-5.18.0.jar:/Users/kamir/.m2/repository/jakarta/ws/rs/jakarta.ws.rs-api/2.1.6/jakarta.ws.rs-api-2.1.6.jar:/Users/kamir/.m2/repository/io/netty/netty-transport-native-epoll/4.1.106.Final/netty-transport-native-epoll-4.1.106.Final-linux-x86_64.jar:/Users/kamir/.m2/repository/io/netty/netty-transport-classes-epoll/4.1.106.Final/netty-transport-classes-epoll-4.1.106.Final.jar:/Users/kamir/.m2/repository/io/netty/netty-transport-native-epoll/4.1.106.Final/netty-transport-native-epoll-4.1.106.Final-linux-aarch_64.jar:/Users/kamir/.m2/repository/io/netty/netty-transport-native-kqueue/4.1.106.Final/netty-transport-native-kqueue-4.1.106.Final-osx-x86_64.jar:/Users/kamir/.m2/repository/io/netty/netty-transport-classes-kqueue/4.1.106.Final/netty-transport-classes-kqueue-4.1.106.Final.jar:/Users/kamir/.m2/repository/io/netty/netty-transport-native-kqueue/4.1.106.Final/netty-transport-native-kqueue-4.1.106.Final-osx-aarch_64.jar:/Users/kamir/.m2/repository/org/neo4j/neo4j-consistency-check/5.18.0/neo4j-consistency-check-5.18.0.jar:/Users/kamir/.m2/repository/org/neo4j/neo4j-record-storage-engine/5.18.0/neo4j-record-storage-engine-5.18.0.jar:/Users/kamir/.m2/repository/commons-io/commons-io/2.15.1/commons-io-2.15.1.jar:/Users/kamir/.m2/repository/org/neo4j/neo4j-dbms/5.18.0/neo4j-dbms-5.18.0.jar:/Users/kamir/.m2/repository/org/jprocesses/jProcesses/1.6.5/jProcesses-1.6.5.jar:/Users/kamir/.m2/repository/com/profesorfalken/WMI4Java/1.6.3/WMI4Java-1.6.3.jar:/Users/kamir/.m2/repository/com/profesorfalken/jPowerShell/3.0/jPowerShell-3.0.jar:/Users/kamir/.m2/repository/org/apache/commons/commons-configuration2/2.9.0/commons-configuration2-2.9.0.jar:/Users/kamir/.m2/repository/org/neo4j/licensing-proxy/zstd-proxy/5.18.0/zstd-proxy-5.18.0.jar:/Users/kamir/.m2/repository/org/neo4j/neo4j-import-tool/5.18.0/neo4j-import-tool-5.18.0.jar:/Users/kamir/.m2/repository/org/neo4j/app/neo4j-server/5.18.0/neo4j-server-5.18.0.jar:/Users/kamir/.m2/repository/org/eclipse/jetty/jetty-server/10.0.20/jetty-server-10.0.20.jar:/Users/kamir/.m2/repository/org/eclipse/jetty/jetty-http/10.0.20/jetty-http-10.0.20.jar:/Users/kamir/.m2/repository/org/eclipse/jetty/jetty-util/10.0.20/jetty-util-10.0.20.jar:/Users/kamir/.m2/repository/org/eclipse/jetty/jetty-io/10.0.20/jetty-io-10.0.20.jar:/Users/kamir/.m2/repository/org/eclipse/jetty/toolchain/jetty-servlet-api/4.0.6/jetty-servlet-api-4.0.6.jar:/Users/kamir/.m2/repository/org/eclipse/jetty/http2/http2-server/10.0.20/http2-server-10.0.20.jar:/Users/kamir/.m2/repository/org/eclipse/jetty/http2/http2-common/10.0.20/http2-common-10.0.20.jar:/Users/kamir/.m2/repository/org/eclipse/jetty/http2/http2-hpack/10.0.20/http2-hpack-10.0.20.jar:/Users/kamir/.m2/repository/org/eclipse/jetty/jetty-alpn-server/10.0.20/jetty-alpn-server-10.0.20.jar:/Users/kamir/.m2/repository/org/eclipse/jetty/jetty-alpn-java-server/10.0.20/jetty-alpn-java-server-10.0.20.jar:/Users/kamir/.m2/repository/org/eclipse/jetty/jetty-webapp/10.0.20/jetty-webapp-10.0.20.jar:/Users/kamir/.m2/repository/org/eclipse/jetty/jetty-servlet/10.0.20/jetty-servlet-10.0.20.jar:/Users/kamir/.m2/repository/org/eclipse/jetty/jetty-security/10.0.20/jetty-security-10.0.20.jar:/Users/kamir/.m2/repository/org/eclipse/jetty/jetty-xml/10.0.20/jetty-xml-10.0.20.jar:/Users/kamir/.m2/repository/org/glassfish/jersey/inject/jersey-hk2/2.34/jersey-hk2-2.34.jar:/Users/kamir/.m2/repository/org/glassfish/jersey/core/jersey-common/2.34/jersey-common-2.34.jar:/Users/kamir/.m2/repository/jakarta/annotation/jakarta.annotation-api/1.3.5/jakarta.annotation-api-1.3.5.jar:/Users/kamir/.m2/repository/org/glassfish/hk2/hk2-locator/2.6.1/hk2-locator-2.6.1.jar:/Users/kamir/.m2/repository/org/glassfish/hk2/hk2-api/2.6.1/hk2-api-2.6.1.jar:/Users/kamir/.m2/repository/org/glassfish/hk2/hk2-utils/2.6.1/hk2-utils-2.6.1.jar:/Users/kamir/.m2/repository/org/javassist/javassist/3.25.0-GA/javassist-3.25.0-GA.jar:/Users/kamir/.m2/repository/org/glassfish/jersey/containers/jersey-container-servlet/2.34/jersey-container-servlet-2.34.jar:/Users/kamir/.m2/repository/org/glassfish/jersey/containers/jersey-container-servlet-core/2.34/jersey-container-servlet-core-2.34.jar:/Users/kamir/.m2/repository/org/glassfish/jersey/core/jersey-server/2.34/jersey-server-2.34.jar:/Users/kamir/.m2/repository/org/glassfish/jersey/core/jersey-client/2.34/jersey-client-2.34.jar:/Users/kamir/.m2/repository/jakarta/validation/jakarta.validation-api/2.0.2/jakarta.validation-api-2.0.2.jar:/Users/kamir/.m2/repository/com/fasterxml/jackson/jaxrs/jackson-jaxrs-json-provider/2.16.1/jackson-jaxrs-json-provider-2.16.1.jar:/Users/kamir/.m2/repository/com/fasterxml/jackson/jaxrs/jackson-jaxrs-base/2.16.1/jackson-jaxrs-base-2.16.1.jar:/Users/kamir/.m2/repository/com/fasterxml/jackson/module/jackson-module-jaxb-annotations/2.16.1/jackson-module-jaxb-annotations-2.16.1.jar:/Users/kamir/.m2/repository/org/glassfish/jaxb/jaxb-runtime/2.3.2/jaxb-runtime-2.3.2.jar:/Users/kamir/.m2/repository/org/glassfish/jaxb/txw2/2.3.2/txw2-2.3.2.jar:/Users/kamir/.m2/repository/com/sun/istack/istack-commons-runtime/3.0.8/istack-commons-runtime-3.0.8.jar:/Users/kamir/.m2/repository/org/jvnet/staxex/stax-ex/1.8.1/stax-ex-1.8.1.jar:/Users/kamir/.m2/repository/com/sun/xml/fastinfoset/FastInfoset/1.2.16/FastInfoset-1.2.16.jar:/Users/kamir/.m2/repository/jakarta/activation/jakarta.activation-api/1.2.1/jakarta.activation-api-1.2.1.jar:/Users/kamir/.m2/repository/jakarta/xml/bind/jakarta.xml.bind-api/2.3.2/jakarta.xml.bind-api-2.3.2.jar:/Users/kamir/.m2/repository/org/apache/arrow/flight-core/15.0.0/flight-core-15.0.0.jar:/Users/kamir/.m2/repository/org/apache/arrow/arrow-format/15.0.0/arrow-format-15.0.0.jar:/Users/kamir/.m2/repository/com/google/flatbuffers/flatbuffers-java/23.5.26/flatbuffers-java-23.5.26.jar:/Users/kamir/.m2/repository/org/apache/arrow/arrow-vector/15.0.0/arrow-vector-15.0.0.jar:/Users/kamir/.m2/repository/com/fasterxml/jackson/datatype/jackson-datatype-jsr310/2.16.0/jackson-datatype-jsr310-2.16.0.jar:/Users/kamir/.m2/repository/org/apache/arrow/arrow-memory-core/15.0.0/arrow-memory-core-15.0.0.jar:/Users/kamir/.m2/repository/org/apache/arrow/arrow-memory-netty/15.0.0/arrow-memory-netty-15.0.0.jar:/Users/kamir/.m2/repository/io/netty/netty-tcnative-boringssl-static/2.0.61.Final/netty-tcnative-boringssl-static-2.0.61.Final.jar:/Users/kamir/.m2/repository/io/netty/netty-tcnative-boringssl-static/2.0.61.Final/netty-tcnative-boringssl-static-2.0.61.Final-linux-x86_64.jar:/Users/kamir/.m2/repository/io/netty/netty-tcnative-boringssl-static/2.0.61.Final/netty-tcnative-boringssl-static-2.0.61.Final-linux-aarch_64.jar:/Users/kamir/.m2/repository/io/netty/netty-tcnative-boringssl-static/2.0.61.Final/netty-tcnative-boringssl-static-2.0.61.Final-osx-x86_64.jar:/Users/kamir/.m2/repository/io/netty/netty-tcnative-boringssl-static/2.0.61.Final/netty-tcnative-boringssl-static-2.0.61.Final-osx-aarch_64.jar:/Users/kamir/.m2/repository/io/netty/netty-tcnative-boringssl-static/2.0.61.Final/netty-tcnative-boringssl-static-2.0.61.Final-windows-x86_64.jar:/Users/kamir/.m2/repository/io/grpc/grpc-context/1.61.1/grpc-context-1.61.1.jar:/Users/kamir/.m2/repository/io/grpc/grpc-netty/1.61.1/grpc-netty-1.61.1.jar:/Users/kamir/.m2/repository/org/neo4j/neo4j-capabilities/5.18.0/neo4j-capabilities-5.18.0.jar:/Users/kamir/.m2/repository/org/neo4j/neo4j-slf4j-provider/5.18.0/neo4j-slf4j-provider-5.18.0.jar:/Users/kamir/.m2/repository/org/neo4j/driver/neo4j-java-driver/5.18.0/neo4j-java-driver-5.18.0.jar:/Users/kamir/.m2/repository/io/netty/netty-handler/4.1.107.Final/netty-handler-4.1.107.Final.jar:/Users/kamir/.m2/repository/io/netty/netty-transport-native-unix-common/4.1.107.Final/netty-transport-native-unix-common-4.1.107.Final.jar:/Users/kamir/.m2/repository/io/netty/netty-codec/4.1.107.Final/netty-codec-4.1.107.Final.jar:/Users/kamir/.m2/repository/io/netty/netty-tcnative-classes/2.0.61.Final/netty-tcnative-classes-2.0.61.Final.jar:/Users/kamir/.m2/repository/io/projectreactor/reactor-core/3.6.3/reactor-core-3.6.3.jar:/Users/kamir/.m2/repository/org/junit/jupiter/junit-jupiter-api/5.10.2/junit-jupiter-api-5.10.2.jar:/Users/kamir/.m2/repository/org/opentest4j/opentest4j/1.3.0/opentest4j-1.3.0.jar:/Users/kamir/.m2/repository/org/junit/platform/junit-platform-commons/1.10.2/junit-platform-commons-1.10.2.jar:/Users/kamir/.m2/repository/org/apiguardian/apiguardian-api/1.1.2/apiguardian-api-1.1.2.jar:/Users/kamir/.m2/repository/org/junit/jupiter/junit-jupiter-engine/5.10.2/junit-jupiter-engine-5.10.2.jar:/Users/kamir/.m2/repository/org/junit/platform/junit-platform-engine/1.10.2/junit-platform-engine-1.10.2.jar:"/>
    <property name="java.vm.vendor" value="Homebrew"/>
    <property name="sun.arch.data.model" value="64"/>
    <property name="java.vendor.url" value="https://github.com/Homebrew/homebrew-core/issues"/>
    <property name="os.name" value="Mac OS X"/>
    <property name="java.vm.specification.version" value="23"/>
    <property name="sun.java.launcher" value="SUN_STANDARD"/>
    <property name="user.country" value="DE"/>
    <property name="sun.boot.library.path" value="/opt/homebrew/Cellar/openjdk/23.0.2/libexec/openjdk.jdk/Contents/Home/lib"/>
    <property name="sun.java.command" value="/Users/kamir/GITHUB.cflt/ks-inspector/target/surefire/surefirebooter-20250902192002400_3.jar /Users/kamir/GITHUB.cflt/ks-inspector/target/surefire 2025-09-02T19-20-02_364-jvmRun1 surefire-20250902192002400_1tmp surefire_0-20250902192002400_2tmp"/>
    <property name="http.nonProxyHosts" value="local|*.local|169.254/16|*.169.254/16"/>
    <property name="jdk.debug" value="release"/>
    <property name="test" value="io.confluent.ksql.client.**"/>
    <property name="surefire.test.class.path" value="/Users/kamir/GITHUB.cflt/ks-inspector/target/test-classes:/Users/kamir/GITHUB.cflt/ks-inspector/target/classes:/Users/kamir/.m2/repository/info/picocli/picocli/4.7.5/picocli-4.7.5.jar:/Users/kamir/.m2/repository/info/picocli/picocli-codegen/4.7.5/picocli-codegen-4.7.5.jar:/Users/kamir/.m2/repository/com/fasterxml/jackson/core/jackson-annotations/2.17.0/jackson-annotations-2.17.0.jar:/Users/kamir/.m2/repository/com/fasterxml/jackson/module/jackson-module-jsonSchema/2.17.0/jackson-module-jsonSchema-2.17.0.jar:/Users/kamir/.m2/repository/javax/validation/validation-api/1.1.0.Final/validation-api-1.1.0.Final.jar:/Users/kamir/.m2/repository/com/fasterxml/jackson/core/jackson-core/2.17.0/jackson-core-2.17.0.jar:/Users/kamir/.m2/repository/org/apache/commons/commons-csv/1.10.0/commons-csv-1.10.0.jar:/Users/kamir/.m2/repository/org/apache/kafka/kafka-streams/3.7.0/kafka-streams-3.7.0.jar:/Users/kamir/.m2/repository/org/rocksdb/rocksdbjni/7.9.2/rocksdbjni-7.9.2.jar:/Users/kamir/.m2/repository/org/slf4j/slf4j-api/1.7.36/slf4j-api-1.7.36.jar:/Users/kamir/.m2/repository/io/confluent/confluent-log4j-extensions/7.6.0/confluent-log4j-extensions-7.6.0.jar:/Users/kamir/.m2/repository/ch/qos/reload4j/reload4j/1.2.25/reload4j-1.2.25.jar:/Users/kamir/.m2/repository/io/confluent/logredactor/1.0.12/logredactor-1.0.12.jar:/Users/kamir/.m2/repository/com/google/re2j/re2j/1.6/re2j-1.6.jar:/Users/kamir/.m2/repository/io/confluent/logredactor-metrics/1.0.12/logredactor-metrics-1.0.12.jar:/Users/kamir/.m2/repository/com/eclipsesource/minimal-json/minimal-json/0.9.5/minimal-json-0.9.5.jar:/Users/kamir/.m2/repository/org/apache/kafka/connect-api/7.6.0-ccs/connect-api-7.6.0-ccs.jar:/Users/kamir/.m2/repository/javax/ws/rs/javax.ws.rs-api/2.1.1/javax.ws.rs-api-2.1.1.jar:/Users/kamir/.m2/repository/io/confluent/common-logging/7.6.0/common-logging-7.6.0.jar:/Users/kamir/.m2/repository/org/apache/kafka/connect-json/7.6.0-ccs/connect-json-7.6.0-ccs.jar:/Users/kamir/.m2/repository/com/google/guava/guava/32.0.1-jre/guava-32.0.1-jre.jar:/Users/kamir/.m2/repository/com/google/guava/failureaccess/1.0.1/failureaccess-1.0.1.jar:/Users/kamir/.m2/repository/com/google/guava/listenablefuture/9999.0-empty-to-avoid-conflict-with-guava/listenablefuture-9999.0-empty-to-avoid-conflict-with-guava.jar:/Users/kamir/.m2/repository/com/google/code/findbugs/jsr305/3.0.2/jsr305-3.0.2.jar:/Users/kamir/.m2/repository/org/checkerframework/checker-qual/3.33.0/checker-qual-3.33.0.jar:/Users/kamir/.m2/repository/com/google/errorprone/error_prone_annotations/2.18.0/error_prone_annotations-2.18.0.jar:/Users/kamir/.m2/repository/com/google/j2objc/j2objc-annotations/2.8/j2objc-annotations-2.8.jar:/Users/kamir/.m2/repository/org/apache/kafka/kafka-log4j-appender/3.7.0/kafka-log4j-appender-3.7.0.jar:/Users/kamir/.m2/repository/org/slf4j/slf4j-reload4j/1.7.36/slf4j-reload4j-1.7.36.jar:/Users/kamir/.m2/repository/org/apache/kafka/kafka-clients/3.7.0/kafka-clients-3.7.0.jar:/Users/kamir/.m2/repository/com/github/luben/zstd-jni/1.5.5-6/zstd-jni-1.5.5-6.jar:/Users/kamir/.m2/repository/org/lz4/lz4-java/1.8.0/lz4-java-1.8.0.jar:/Users/kamir/.m2/repository/org/xerial/snappy/snappy-java/1.1.10.5/snappy-java-1.1.10.5.jar:/Users/kamir/.m2/repository/com/fasterxml/jackson/core/jackson-databind/2.17.0/jackson-databind-2.17.0.jar:/Users/kamir/.m2/repository/net/bytebuddy/byte-buddy/1.14.9/byte-buddy-1.14.9.jar:/Users/kamir/.m2/repository/org/apache/logging/log4j/log4j-core/2.23.1/log4j-core-2.23.1.jar:/Users/kamir/.m2/repository/org/apache/logging/log4j/log4j-api/2.23.1/log4j-api-2.23.1.jar:/Users/kamir/.m2/repository/com/fasterxml/jackson/dataformat/jackson-dataformat-yaml/2.17.0/jackson-dataformat-yaml-2.17.0.jar:/Users/kamir/.m2/repository/org/yaml/snakeyaml/2.2/snakeyaml-2.2.jar:/Users/kamir/.m2/repository/io/confluent/ksql/ksqldb-api-client/7.6.0/ksqldb-api-client-7.6.0.jar:/Users/kamir/.m2/repository/io/confluent/ksql/ksqldb-rest-model/7.6.0/ksqldb-rest-model-7.6.0.jar:/Users/kamir/.m2/repository/io/confluent/ksql/ksqldb-common/7.6.0/ksqldb-common-7.6.0.jar:/Users/kamir/.m2/repository/com/fasterxml/jackson/datatype/jackson-datatype-jdk8/2.14.2/jackson-datatype-jdk8-2.14.2.jar:/Users/kamir/.m2/repository/io/vertx/vertx-core/4.4.6/vertx-core-4.4.6.jar:/Users/kamir/.m2/repository/io/netty/netty-common/4.1.100.Final/netty-common-4.1.100.Final.jar:/Users/kamir/.m2/repository/io/netty/netty-buffer/4.1.100.Final/netty-buffer-4.1.100.Final.jar:/Users/kamir/.m2/repository/io/netty/netty-transport/4.1.100.Final/netty-transport-4.1.100.Final.jar:/Users/kamir/.m2/repository/io/netty/netty-handler-proxy/4.1.100.Final/netty-handler-proxy-4.1.100.Final.jar:/Users/kamir/.m2/repository/io/netty/netty-codec-socks/4.1.100.Final/netty-codec-socks-4.1.100.Final.jar:/Users/kamir/.m2/repository/io/netty/netty-codec-http/4.1.100.Final/netty-codec-http-4.1.100.Final.jar:/Users/kamir/.m2/repository/io/netty/netty-codec-http2/4.1.100.Final/netty-codec-http2-4.1.100.Final.jar:/Users/kamir/.m2/repository/io/netty/netty-resolver/4.1.100.Final/netty-resolver-4.1.100.Final.jar:/Users/kamir/.m2/repository/io/netty/netty-resolver-dns/4.1.100.Final/netty-resolver-dns-4.1.100.Final.jar:/Users/kamir/.m2/repository/io/netty/netty-codec-dns/4.1.100.Final/netty-codec-dns-4.1.100.Final.jar:/Users/kamir/.m2/repository/io/vertx/vertx-codegen/4.4.6/vertx-codegen-4.4.6.jar:/Users/kamir/.m2/repository/org/reactivestreams/reactive-streams/1.0.3/reactive-streams-1.0.3.jar:/Users/kamir/.m2/repository/com/github/spotbugs/spotbugs-annotations/4.7.1/spotbugs-annotations-4.7.1.jar:/Users/kamir/.m2/repository/io/confluent/broker-plugins/7.6.0-ce/broker-plugins-7.6.0-ce.jar:/Users/kamir/.m2/repository/org/bouncycastle/bcpkix-jdk18on/1.77/bcpkix-jdk18on-1.77.jar:/Users/kamir/.m2/repository/org/bouncycastle/bcprov-jdk18on/1.77/bcprov-jdk18on-1.77.jar:/Users/kamir/.m2/repository/org/bouncycastle/bcutil-jdk18on/1.77/bcutil-jdk18on-1.77.jar:/Users/kamir/.m2/repository/io/confluent/cloud/events-schema/0.203.0/events-schema-0.203.0.jar:/Users/kamir/.m2/repository/org/mindrot/jbcrypt/0.4/jbcrypt-0.4.jar:/Users/kamir/.m2/repository/org/bitbucket/b_c/jose4j/0.9.3/jose4j-0.9.3.jar:/Users/kamir/.m2/repository/com/google/protobuf/protobuf-java/3.19.6/protobuf-java-3.19.6.jar:/Users/kamir/.m2/repository/com/google/protobuf/protobuf-java-util/3.19.6/protobuf-java-util-3.19.6.jar:/Users/kamir/.m2/repository/com/yammer/metrics/metrics-core/2.2.0/metrics-core-2.2.0.jar:/Users/kamir/.m2/repository/com/fasterxml/jackson/dataformat/jackson-dataformat-properties/2.14.2/jackson-dataformat-properties-2.14.2.jar:/Users/kamir/.m2/repository/org/apache/kafka/kafka-metadata/7.6.0-ce/kafka-metadata-7.6.0-ce.jar:/Users/kamir/.m2/repository/org/apache/kafka/kafka-raft/7.6.0-ce/kafka-raft-7.6.0-ce.jar:/Users/kamir/.m2/repository/org/apache/kafka/kafka-server-common/7.6.0-ce/kafka-server-common-7.6.0-ce.jar:/Users/kamir/.m2/repository/net/sf/jopt-simple/jopt-simple/5.0.4/jopt-simple-5.0.4.jar:/Users/kamir/.m2/repository/org/pcollections/pcollections/4.0.1/pcollections-4.0.1.jar:/Users/kamir/.m2/repository/io/confluent/confluent-licensing-new/7.6.0-ce/confluent-licensing-new-7.6.0-ce.jar:/Users/kamir/.m2/repository/org/apache/kafka/connect-runtime/7.6.0-ce/connect-runtime-7.6.0-ce.jar:/Users/kamir/.m2/repository/org/apache/kafka/connect-transforms/7.6.0-ce/connect-transforms-7.6.0-ce.jar:/Users/kamir/.m2/repository/io/confluent/connect-ce-logs/7.6.0-ce/connect-ce-logs-7.6.0-ce.jar:/Users/kamir/.m2/repository/io/confluent/confluent-resource-names/7.6.0-ce/confluent-resource-names-7.6.0-ce.jar:/Users/kamir/.m2/repository/javax/xml/bind/jaxb-api/2.3.0/jaxb-api-2.3.0.jar:/Users/kamir/.m2/repository/javax/activation/activation/1.1.1/activation-1.1.1.jar:/Users/kamir/.m2/repository/org/eclipse/jetty/jetty-servlets/9.4.53.v20231009/jetty-servlets-9.4.53.v20231009.jar:/Users/kamir/.m2/repository/org/eclipse/jetty/jetty-continuation/9.4.53.v20231009/jetty-continuation-9.4.53.v20231009.jar:/Users/kamir/.m2/repository/org/reflections/reflections/0.10.2/reflections-0.10.2.jar:/Users/kamir/.m2/repository/org/apache/maven/maven-artifact/3.8.8/maven-artifact-3.8.8.jar:/Users/kamir/.m2/repository/org/codehaus/plexus/plexus-utils/3.3.1/plexus-utils-3.3.1.jar:/Users/kamir/.m2/repository/io/confluent/confluent-serializers-new/7.6.0-ce/confluent-serializers-new-7.6.0-ce.jar:/Users/kamir/.m2/repository/io/confluent/kafka-client-plugins/7.6.0-ce/kafka-client-plugins-7.6.0-ce.jar:/Users/kamir/.m2/repository/org/eclipse/jetty/jetty-client/9.4.53.v20231009/jetty-client-9.4.53.v20231009.jar:/Users/kamir/.m2/repository/org/bouncycastle/bc-fips/1.0.2.4/bc-fips-1.0.2.4.jar:/Users/kamir/.m2/repository/org/bouncycastle/bcpkix-fips/1.0.6/bcpkix-fips-1.0.6.jar:/Users/kamir/.m2/repository/org/bouncycastle/bctls-fips/1.0.13/bctls-fips-1.0.13.jar:/Users/kamir/.m2/repository/io/confluent/authorizer/7.6.0-ce/authorizer-7.6.0-ce.jar:/Users/kamir/.m2/repository/io/confluent/rest-authorizer/7.6.0-ce/rest-authorizer-7.6.0-ce.jar:/Users/kamir/.m2/repository/io/confluent/security/security-extensions/7.6.0-ce/security-extensions-7.6.0-ce.jar:/Users/kamir/.m2/repository/org/projectnessie/cel/cel-core/0.3.5/cel-core-0.3.5.jar:/Users/kamir/.m2/repository/org/projectnessie/cel/cel-generated-pb/0.3.5/cel-generated-pb-0.3.5.jar:/Users/kamir/.m2/repository/org/projectnessie/cel/cel-generated-antlr/0.3.5/cel-generated-antlr-0.3.5.jar:/Users/kamir/.m2/repository/org/agrona/agrona/1.15.2/agrona-1.15.2.jar:/Users/kamir/.m2/repository/org/glassfish/hk2/external/jakarta.inject/2.6.1/jakarta.inject-2.6.1.jar:/Users/kamir/.m2/repository/javax/annotation/javax.annotation-api/1.3.2/javax.annotation-api-1.3.2.jar:/Users/kamir/.m2/repository/io/confluent/auth-metadata/7.6.0-ce/auth-metadata-7.6.0-ce.jar:/Users/kamir/.m2/repository/io/confluent/rbac/7.6.0-ce/rbac-7.6.0-ce.jar:/Users/kamir/.m2/repository/io/spiffe/java-spiffe-provider/0.8.4/java-spiffe-provider-0.8.4.jar:/Users/kamir/.m2/repository/commons-validator/commons-validator/1.7/commons-validator-1.7.jar:/Users/kamir/.m2/repository/commons-beanutils/commons-beanutils/1.9.4/commons-beanutils-1.9.4.jar:/Users/kamir/.m2/repository/commons-digester/commons-digester/2.1/commons-digester-2.1.jar:/Users/kamir/.m2/repository/commons-collections/commons-collections/3.2.2/commons-collections-3.2.2.jar:/Users/kamir/.m2/repository/io/spiffe/grpc-netty-macos/0.8.4/grpc-netty-macos-0.8.4.jar:/Users/kamir/.m2/repository/io/spiffe/java-spiffe-core/0.8.4/java-spiffe-core-0.8.4.jar:/Users/kamir/.m2/repository/io/grpc/grpc-protobuf/1.54.0/grpc-protobuf-1.54.0.jar:/Users/kamir/.m2/repository/io/grpc/grpc-api/1.54.0/grpc-api-1.54.0.jar:/Users/kamir/.m2/repository/com/google/api/grpc/proto-google-common-protos/2.9.0/proto-google-common-protos-2.9.0.jar:/Users/kamir/.m2/repository/io/grpc/grpc-protobuf-lite/1.54.0/grpc-protobuf-lite-1.54.0.jar:/Users/kamir/.m2/repository/io/grpc/grpc-stub/1.54.0/grpc-stub-1.54.0.jar:/Users/kamir/.m2/repository/com/nimbusds/nimbus-jose-jwt/9.31/nimbus-jose-jwt-9.31.jar:/Users/kamir/.m2/repository/com/github/stephenc/jcip/jcip-annotations/1.0-1/jcip-annotations-1.0-1.jar:/Users/kamir/.m2/repository/io/dropwizard/metrics/metrics-core/4.1.12.1/metrics-core-4.1.12.1.jar:/Users/kamir/.m2/repository/io/spiffe/grpc-netty-linux/0.8.4/grpc-netty-linux-0.8.4.jar:/Users/kamir/.m2/repository/io/grpc/grpc-netty-shaded/1.54.0/grpc-netty-shaded-1.54.0.jar:/Users/kamir/.m2/repository/io/perfmark/perfmark-api/0.25.0/perfmark-api-0.25.0.jar:/Users/kamir/.m2/repository/io/grpc/grpc-core/1.54.0/grpc-core-1.54.0.jar:/Users/kamir/.m2/repository/com/google/android/annotations/4.1.1.4/annotations-4.1.1.4.jar:/Users/kamir/.m2/repository/org/codehaus/mojo/animal-sniffer-annotations/1.21/animal-sniffer-annotations-1.21.jar:/Users/kamir/.m2/repository/io/confluent/kafka-schema-registry-client/7.6.0/kafka-schema-registry-client-7.6.0.jar:/Users/kamir/.m2/repository/org/apache/avro/avro/1.11.3/avro-1.11.3.jar:/Users/kamir/.m2/repository/org/apache/commons/commons-compress/1.21/commons-compress-1.21.jar:/Users/kamir/.m2/repository/io/swagger/core/v3/swagger-annotations/2.1.10/swagger-annotations-2.1.10.jar:/Users/kamir/.m2/repository/io/confluent/common-utils/7.6.0/common-utils-7.6.0.jar:/Users/kamir/.m2/repository/commons-cli/commons-cli/1.6.0/commons-cli-1.6.0.jar:/Users/kamir/.m2/repository/org/apache/httpcomponents/httpclient/4.5.14/httpclient-4.5.14.jar:/Users/kamir/.m2/repository/org/apache/httpcomponents/httpcore/4.4.16/httpcore-4.4.16.jar:/Users/kamir/.m2/repository/commons-logging/commons-logging/1.2/commons-logging-1.2.jar:/Users/kamir/.m2/repository/commons-codec/commons-codec/1.11/commons-codec-1.11.jar:/Users/kamir/.m2/repository/com/google/code/gson/gson/2.10.1/gson-2.10.1.jar:/Users/kamir/.m2/repository/org/jgrapht/jgrapht-core/1.5.2/jgrapht-core-1.5.2.jar:/Users/kamir/.m2/repository/org/jheaps/jheaps/0.14/jheaps-0.14.jar:/Users/kamir/.m2/repository/org/apfloat/apfloat/1.10.1/apfloat-1.10.1.jar:/Users/kamir/.m2/repository/org/jgrapht/jgrapht-io/1.5.2/jgrapht-io-1.5.2.jar:/Users/kamir/.m2/repository/org/antlr/antlr4-runtime/4.12.0/antlr4-runtime-4.12.0.jar:/Users/kamir/.m2/repository/org/apache/commons/commons-text/1.10.0/commons-text-1.10.0.jar:/Users/kamir/.m2/repository/org/apache/commons/commons-lang3/3.12.0/commons-lang3-3.12.0.jar:/Users/kamir/.m2/repository/org/jgrapht/jgrapht-ext/1.5.2/jgrapht-ext-1.5.2.jar:/Users/kamir/.m2/repository/com/github/vlsi/mxgraph/jgraphx/4.2.2/jgraphx-4.2.2.jar:/Users/kamir/.m2/repository/org/neo4j/neo4j/5.18.0/neo4j-5.18.0.jar:/Users/kamir/.m2/repository/org/neo4j/annotations/5.18.0/annotations-5.18.0.jar:/Users/kamir/.m2/repository/org/eclipse/collections/eclipse-collections/11.1.0/eclipse-collections-11.1.0.jar:/Users/kamir/.m2/repository/org/eclipse/collections/eclipse-collections-api/11.1.0/eclipse-collections-api-11.1.0.jar:/Users/kamir/.m2/repository/org/neo4j/neo4j-kernel/5.18.0/neo4j-kernel-5.18.0.jar:/Users/kamir/.m2/repository/org/neo4j/neo4j-native/5.18.0/neo4j-native-5.18.0.jar:/Users/kamir/.m2/repository/net/java/dev/jna/jna/5.14.0/jna-5.14.0.jar:/Users/kamir/.m2/repository/org/neo4j/neo4j-graphdb-api/5.18.0/neo4j-graphdb-api-5.18.0.jar:/Users/kamir/.m2/repository/org/neo4j/neo4j-kernel-api/5.18.0/neo4j-kernel-api-5.18.0.jar:/Users/kamir/.m2/repository/org/neo4j/neo4j-monitoring/5.18.0/neo4j-monitoring-5.18.0.jar:/Users/kamir/.m2/repository/org/neo4j/neo4j-diagnostics/5.18.0/neo4j-diagnostics-5.18.0.jar:/Users/kamir/.m2/repository/org/neo4j/neo4j-schema/5.18.0/neo4j-schema-5.18.0.jar:/Users/kamir/.m2/repository/org/neo4j/neo4j-lock/5.18.0/neo4j-lock-5.18.0.jar:/Users/kamir/.m2/repository/org/neo4j/neo4j-token-api/5.18.0/neo4j-token-api-5.18.0.jar:/Users/kamir/.m2/repository/org/neo4j/neo4j-storage-engine-util/5.18.0/neo4j-storage-engine-util-5.18.0.jar:/Users/kamir/.m2/repository/org/neo4j/neo4j-common/5.18.0/neo4j-common-5.18.0.jar:/Users/kamir/.m2/repository/org/neo4j/neo4j-values/5.18.0/neo4j-values-5.18.0.jar:/Users/kamir/.m2/repository/org/neo4j/neo4j-unsafe/5.18.0/neo4j-unsafe-5.18.0.jar:/Users/kamir/.m2/repository/org/neo4j/neo4j-collections/5.18.0/neo4j-collections-5.18.0.jar:/Users/kamir/.m2/repository/com/github/ben-manes/caffeine/caffeine/3.1.8/caffeine-3.1.8.jar:/Users/kamir/.m2/repository/org/neo4j/neo4j-io/5.18.0/neo4j-io-5.18.0.jar:/Users/kamir/.m2/repository/org/neo4j/neo4j-concurrent/5.18.0/neo4j-concurrent-5.18.0.jar:/Users/kamir/.m2/repository/org/neo4j/neo4j-logging/5.18.0/neo4j-logging-5.18.0.jar:/Users/kamir/.m2/repository/org/codehaus/jettison/jettison/1.5.4/jettison-1.5.4.jar:/Users/kamir/.m2/repository/org/apache/logging/log4j/log4j-layout-template-json/2.20.0/log4j-layout-template-json-2.20.0.jar:/Users/kamir/.m2/repository/org/neo4j/neo4j-configuration/5.18.0/neo4j-configuration-5.18.0.jar:/Users/kamir/.m2/repository/com/github/seancfoley/ipaddress/5.4.2/ipaddress-5.4.2.jar:/Users/kamir/.m2/repository/org/neo4j/neo4j-layout/5.18.0/neo4j-layout-5.18.0.jar:/Users/kamir/.m2/repository/org/neo4j/neo4j-index/5.18.0/neo4j-index-5.18.0.jar:/Users/kamir/.m2/repository/org/neo4j/neo4j-spatial-index/5.18.0/neo4j-spatial-index-5.18.0.jar:/Users/kamir/.m2/repository/org/neo4j/neo4j-id-generator/5.18.0/neo4j-id-generator-5.18.0.jar:/Users/kamir/.m2/repository/org/neo4j/neo4j-wal/5.18.0/neo4j-wal-5.18.0.jar:/Users/kamir/.m2/repository/org/neo4j/neo4j-import-util/5.18.0/neo4j-import-util-5.18.0.jar:/Users/kamir/.m2/repository/org/neo4j/neo4j-csv/5.18.0/neo4j-csv-5.18.0.jar:/Users/kamir/.m2/repository/org/jctools/jctools-core/4.0.2/jctools-core-4.0.2.jar:/Users/kamir/.m2/repository/org/neo4j/neo4j-fabric/5.18.0/neo4j-fabric-5.18.0.jar:/Users/kamir/.m2/repository/org/neo4j/neo4j-front-end/5.18.0/neo4j-front-end-5.18.0.jar:/Users/kamir/.m2/repository/org/neo4j/neo4j-expressions/5.18.0/neo4j-expressions-5.18.0.jar:/Users/kamir/.m2/repository/org/neo4j/neo4j-cypher-ast-factory/5.18.0/neo4j-cypher-ast-factory-5.18.0.jar:/Users/kamir/.m2/repository/org/neo4j/neo4j-cypher-macros/5.18.0/neo4j-cypher-macros-5.18.0.jar:/Users/kamir/.m2/repository/org/scala-lang/scala-reflect/2.13.11/scala-reflect-2.13.11.jar:/Users/kamir/.m2/repository/org/neo4j/neo4j-query-router/5.18.0/neo4j-query-router-5.18.0.jar:/Users/kamir/.m2/repository/org/neo4j/neo4j-procedure/5.18.0/neo4j-procedure-5.18.0.jar:/Users/kamir/.m2/repository/org/neo4j/neo4j-procedure-api/5.18.0/neo4j-procedure-api-5.18.0.jar:/Users/kamir/.m2/repository/org/neo4j/neo4j-codegen/5.18.0/neo4j-codegen-5.18.0.jar:/Users/kamir/.m2/repository/org/ow2/asm/asm/9.6/asm-9.6.jar:/Users/kamir/.m2/repository/org/ow2/asm/asm-util/9.6/asm-util-9.6.jar:/Users/kamir/.m2/repository/org/ow2/asm/asm-analysis/9.6/asm-analysis-9.6.jar:/Users/kamir/.m2/repository/org/ow2/asm/asm-tree/9.6/asm-tree-9.6.jar:/Users/kamir/.m2/repository/org/neo4j/neo4j-cypher-expression-evaluator/5.18.0/neo4j-cypher-expression-evaluator-5.18.0.jar:/Users/kamir/.m2/repository/org/neo4j/neo4j-ast/5.18.0/neo4j-ast-5.18.0.jar:/Users/kamir/.m2/repository/org/neo4j/neo4j-lucene-index/5.18.0/neo4j-lucene-index-5.18.0.jar:/Users/kamir/.m2/repository/org/neo4j/neo4j-resource/5.18.0/neo4j-resource-5.18.0.jar:/Users/kamir/.m2/repository/org/apache/lucene/lucene-analysis-common/9.8.0/lucene-analysis-common-9.8.0.jar:/Users/kamir/.m2/repository/org/apache/lucene/lucene-core/9.8.0/lucene-core-9.8.0.jar:/Users/kamir/.m2/repository/org/apache/lucene/lucene-queryparser/9.8.0/lucene-queryparser-9.8.0.jar:/Users/kamir/.m2/repository/org/apache/lucene/lucene-backward-codecs/9.8.0/lucene-backward-codecs-9.8.0.jar:/Users/kamir/.m2/repository/org/neo4j/neo4j-fulltext-index/5.18.0/neo4j-fulltext-index-5.18.0.jar:/Users/kamir/.m2/repository/org/neo4j/neo4j-graph-algo/5.18.0/neo4j-graph-algo-5.18.0.jar:/Users/kamir/.m2/repository/org/neo4j/neo4j-cypher-runtime-util/5.18.0/neo4j-cypher-runtime-util-5.18.0.jar:/Users/kamir/.m2/repository/org/neo4j/neo4j-cypher-logical-plans/5.18.0/neo4j-cypher-logical-plans-5.18.0.jar:/Users/kamir/.m2/repository/org/neo4j/neo4j-data-collector/5.18.0/neo4j-data-collector-5.18.0.jar:/Users/kamir/.m2/repository/org/neo4j/neo4j-cypher-planner/5.18.0/neo4j-cypher-planner-5.18.0.jar:/Users/kamir/.m2/repository/org/scala-lang/modules/scala-collection-contrib_2.13/0.3.0/scala-collection-contrib_2.13-0.3.0.jar:/Users/kamir/.m2/repository/org/neo4j/neo4j-notifications/5.18.0/neo4j-notifications-5.18.0.jar:/Users/kamir/.m2/repository/org/neo4j/neo4j-cypher-ir/5.18.0/neo4j-cypher-ir-5.18.0.jar:/Users/kamir/.m2/repository/org/neo4j/neo4j-cypher-javacc-parser/5.18.0/neo4j-cypher-javacc-parser-5.18.0.jar:/Users/kamir/.m2/repository/org/neo4j/cypher-ast-factory/5.18.0/cypher-ast-factory-5.18.0.jar:/Users/kamir/.m2/repository/org/neo4j/neo4j-cypher-rendering/5.18.0/neo4j-cypher-rendering-5.18.0.jar:/Users/kamir/.m2/repository/org/neo4j/neo4j-rewriting/5.18.0/neo4j-rewriting-5.18.0.jar:/Users/kamir/.m2/repository/org/neo4j/neo4j-cypher/5.18.0/neo4j-cypher-5.18.0.jar:/Users/kamir/.m2/repository/org/scala-lang/scala-library/2.13.11/scala-library-2.13.11.jar:/Users/kamir/.m2/repository/org/neo4j/neo4j-cypher-physical-planning/5.18.0/neo4j-cypher-physical-planning-5.18.0.jar:/Users/kamir/.m2/repository/org/neo4j/neo4j-exceptions/5.18.0/neo4j-exceptions-5.18.0.jar:/Users/kamir/.m2/repository/org/neo4j/neo4j-util/5.18.0/neo4j-util-5.18.0.jar:/Users/kamir/.m2/repository/org/neo4j/neo4j-cypher-config/5.18.0/neo4j-cypher-config-5.18.0.jar:/Users/kamir/.m2/repository/com/softwaremill/magnolia1_2/magnolia_2.13/1.1.8/magnolia_2.13-1.1.8.jar:/Users/kamir/.m2/repository/org/neo4j/neo4j-cypher-cache/5.18.0/neo4j-cypher-cache-5.18.0.jar:/Users/kamir/.m2/repository/org/neo4j/neo4j-cypher-planner-spi/5.18.0/neo4j-cypher-planner-spi-5.18.0.jar:/Users/kamir/.m2/repository/org/neo4j/neo4j-cypher-interpreted-runtime/5.18.0/neo4j-cypher-interpreted-runtime-5.18.0.jar:/Users/kamir/.m2/repository/org/neo4j/neo4j-cypher-slotted-runtime/5.18.0/neo4j-cypher-slotted-runtime-5.18.0.jar:/Users/kamir/.m2/repository/org/apache/shiro/shiro-core/1.13.0/shiro-core-1.13.0.jar:/Users/kamir/.m2/repository/org/apache/shiro/shiro-lang/1.13.0/shiro-lang-1.13.0.jar:/Users/kamir/.m2/repository/org/apache/shiro/shiro-cache/1.13.0/shiro-cache-1.13.0.jar:/Users/kamir/.m2/repository/org/apache/shiro/shiro-crypto-hash/1.13.0/shiro-crypto-hash-1.13.0.jar:/Users/kamir/.m2/repository/org/apache/shiro/shiro-crypto-core/1.13.0/shiro-crypto-core-1.13.0.jar:/Users/kamir/.m2/repository/org/apache/shiro/shiro-crypto-cipher/1.13.0/shiro-crypto-cipher-1.13.0.jar:/Users/kamir/.m2/repository/org/apache/shiro/shiro-config-core/1.13.0/shiro-config-core-1.13.0.jar:/Users/kamir/.m2/repository/org/apache/shiro/shiro-event/1.13.0/shiro-event-1.13.0.jar:/Users/kamir/.m2/repository/org/bitbucket/inkytonik/kiama/kiama_2.13/2.5.1/kiama_2.13-2.5.1.jar:/Users/kamir/.m2/repository/org/neo4j/neo4j-security/5.18.0/neo4j-security-5.18.0.jar:/Users/kamir/.m2/repository/org/neo4j/neo4j-command-line/5.18.0/neo4j-command-line-5.18.0.jar:/Users/kamir/.m2/repository/org/neo4j/neo4j-bolt/5.18.0/neo4j-bolt-5.18.0.jar:/Users/kamir/.m2/repository/org/neo4j/neo4j-ssl/5.18.0/neo4j-ssl-5.18.0.jar:/Users/kamir/.m2/repository/org/neo4j/server-api/5.18.0/server-api-5.18.0.jar:/Users/kamir/.m2/repository/jakarta/ws/rs/jakarta.ws.rs-api/2.1.6/jakarta.ws.rs-api-2.1.6.jar:/Users/kamir/.m2/repository/io/netty/netty-transport-native-epoll/4.1.106.Final/netty-transport-native-epoll-4.1.106.Final-linux-x86_64.jar:/Users/kamir/.m2/repository/io/netty/netty-transport-classes-epoll/4.1.106.Final/netty-transport-classes-epoll-4.1.106.Final.jar:/Users/kamir/.m2/repository/io/netty/netty-transport-native-epoll/4.1.106.Final/netty-transport-native-epoll-4.1.106.Final-linux-aarch_64.jar:/Users/kamir/.m2/repository/io/netty/netty-transport-native-kqueue/4.1.106.Final/netty-transport-native-kqueue-4.1.106.Final-osx-x86_64.jar:/Users/kamir/.m2/repository/io/netty/netty-transport-classes-kqueue/4.1.106.Final/netty-transport-classes-kqueue-4.1.106.Final.jar:/Users/kamir/.m2/repository/io/netty/netty-transport-native-kqueue/4.1.106.Final/netty-transport-native-kqueue-4.1.106.Final-osx-aarch_64.jar:/Users/kamir/.m2/repository/org/neo4j/neo4j-consistency-check/5.18.0/neo4j-consistency-check-5.18.0.jar:/Users/kamir/.m2/repository/org/neo4j/neo4j-record-storage-engine/5.18.0/neo4j-record-storage-engine-5.18.0.jar:/Users/kamir/.m2/repository/commons-io/commons-io/2.15.1/commons-io-2.15.1.jar:/Users/kamir/.m2/repository/org/neo4j/neo4j-dbms/5.18.0/neo4j-dbms-5.18.0.jar:/Users/kamir/.m2/repository/org/jprocesses/jProcesses/1.6.5/jProcesses-1.6.5.jar:/Users/kamir/.m2/repository/com/profesorfalken/WMI4Java/1.6.3/WMI4Java-1.6.3.jar:/Users/kamir/.m2/repository/com/profesorfalken/jPowerShell/3.0/jPowerShell-3.0.jar:/Users/kamir/.m2/repository/org/apache/commons/commons-configuration2/2.9.0/commons-configuration2-2.9.0.jar:/Users/kamir/.m2/repository/org/neo4j/licensing-proxy/zstd-proxy/5.18.0/zstd-proxy-5.18.0.jar:/Users/kamir/.m2/repository/org/neo4j/neo4j-import-tool/5.18.0/neo4j-import-tool-5.18.0.jar:/Users/kamir/.m2/repository/org/neo4j/app/neo4j-server/5.18.0/neo4j-server-5.18.0.jar:/Users/kamir/.m2/repository/org/eclipse/jetty/jetty-server/10.0.20/jetty-server-10.0.20.jar:/Users/kamir/.m2/repository/org/eclipse/jetty/jetty-http/10.0.20/jetty-http-10.0.20.jar:/Users/kamir/.m2/repository/org/eclipse/jetty/jetty-util/10.0.20/jetty-util-10.0.20.jar:/Users/kamir/.m2/repository/org/eclipse/jetty/jetty-io/10.0.20/jetty-io-10.0.20.jar:/Users/kamir/.m2/repository/org/eclipse/jetty/toolchain/jetty-servlet-api/4.0.6/jetty-servlet-api-4.0.6.jar:/Users/kamir/.m2/repository/org/eclipse/jetty/http2/http2-server/10.0.20/http2-server-10.0.20.jar:/Users/kamir/.m2/repository/org/eclipse/jetty/http2/http2-common/10.0.20/http2-common-10.0.20.jar:/Users/kamir/.m2/repository/org/eclipse/jetty/http2/http2-hpack/10.0.20/http2-hpack-10.0.20.jar:/Users/kamir/.m2/repository/org/eclipse/jetty/jetty-alpn-server/10.0.20/jetty-alpn-server-10.0.20.jar:/Users/kamir/.m2/repository/org/eclipse/jetty/jetty-alpn-java-server/10.0.20/jetty-alpn-java-server-10.0.20.jar:/Users/kamir/.m2/repository/org/eclipse/jetty/jetty-webapp/10.0.20/jetty-webapp-10.0.20.jar:/Users/kamir/.m2/repository/org/eclipse/jetty/jetty-servlet/10.0.20/jetty-servlet-10.0.20.jar:/Users/kamir/.m2/repository/org/eclipse/jetty/jetty-security/10.0.20/jetty-security-10.0.20.jar:/Users/kamir/.m2/repository/org/eclipse/jetty/jetty-xml/10.0.20/jetty-xml-10.0.20.jar:/Users/kamir/.m2/repository/org/glassfish/jersey/inject/jersey-hk2/2.34/jersey-hk2-2.34.jar:/Users/kamir/.m2/repository/org/glassfish/jersey/core/jersey-common/2.34/jersey-common-2.34.jar:/Users/kamir/.m2/repository/jakarta/annotation/jakarta.annotation-api/1.3.5/jakarta.annotation-api-1.3.5.jar:/Users/kamir/.m2/repository/org/glassfish/hk2/hk2-locator/2.6.1/hk2-locator-2.6.1.jar:/Users/kamir/.m2/repository/org/glassfish/hk2/hk2-api/2.6.1/hk2-api-2.6.1.jar:/Users/kamir/.m2/repository/org/glassfish/hk2/hk2-utils/2.6.1/hk2-utils-2.6.1.jar:/Users/kamir/.m2/repository/org/javassist/javassist/3.25.0-GA/javassist-3.25.0-GA.jar:/Users/kamir/.m2/repository/org/glassfish/jersey/containers/jersey-container-servlet/2.34/jersey-container-servlet-2.34.jar:/Users/kamir/.m2/repository/org/glassfish/jersey/containers/jersey-container-servlet-core/2.34/jersey-container-servlet-core-2.34.jar:/Users/kamir/.m2/repository/org/glassfish/jersey/core/jersey-server/2.34/jersey-server-2.34.jar:/Users/kamir/.m2/repository/org/glassfish/jersey/core/jersey-client/2.34/jersey-client-2.34.jar:/Users/kamir/.m2/repository/jakarta/validation/jakarta.validation-api/2.0.2/jakarta.validation-api-2.0.2.jar:/Users/kamir/.m2/repository/com/fasterxml/jackson/jaxrs/jackson-jaxrs-json-provider/2.16.1/jackson-jaxrs-json-provider-2.16.1.jar:/Users/kamir/.m2/repository/com/fasterxml/jackson/jaxrs/jackson-jaxrs-base/2.16.1/jackson-jaxrs-base-2.16.1.jar:/Users/kamir/.m2/repository/com/fasterxml/jackson/module/jackson-module-jaxb-annotations/2.16.1/jackson-module-jaxb-annotations-2.16.1.jar:/Users/kamir/.m2/repository/org/glassfish/jaxb/jaxb-runtime/2.3.2/jaxb-runtime-2.3.2.jar:/Users/kamir/.m2/repository/org/glassfish/jaxb/txw2/2.3.2/txw2-2.3.2.jar:/Users/kamir/.m2/repository/com/sun/istack/istack-commons-runtime/3.0.8/istack-commons-runtime-3.0.8.jar:/Users/kamir/.m2/repository/org/jvnet/staxex/stax-ex/1.8.1/stax-ex-1.8.1.jar:/Users/kamir/.m2/repository/com/sun/xml/fastinfoset/FastInfoset/1.2.16/FastInfoset-1.2.16.jar:/Users/kamir/.m2/repository/jakarta/activation/jakarta.activation-api/1.2.1/jakarta.activation-api-1.2.1.jar:/Users/kamir/.m2/repository/jakarta/xml/bind/jakarta.xml.bind-api/2.3.2/jakarta.xml.bind-api-2.3.2.jar:/Users/kamir/.m2/repository/org/apache/arrow/flight-core/15.0.0/flight-core-15.0.0.jar:/Users/kamir/.m2/repository/org/apache/arrow/arrow-format/15.0.0/arrow-format-15.0.0.jar:/Users/kamir/.m2/repository/com/google/flatbuffers/flatbuffers-java/23.5.26/flatbuffers-java-23.5.26.jar:/Users/kamir/.m2/repository/org/apache/arrow/arrow-vector/15.0.0/arrow-vector-15.0.0.jar:/Users/kamir/.m2/repository/com/fasterxml/jackson/datatype/jackson-datatype-jsr310/2.16.0/jackson-datatype-jsr310-2.16.0.jar:/Users/kamir/.m2/repository/org/apache/arrow/arrow-memory-core/15.0.0/arrow-memory-core-15.0.0.jar:/Users/kamir/.m2/repository/org/apache/arrow/arrow-memory-netty/15.0.0/arrow-memory-netty-15.0.0.jar:/Users/kamir/.m2/repository/io/netty/netty-tcnative-boringssl-static/2.0.61.Final/netty-tcnative-boringssl-static-2.0.61.Final.jar:/Users/kamir/.m2/repository/io/netty/netty-tcnative-boringssl-static/2.0.61.Final/netty-tcnative-boringssl-static-2.0.61.Final-linux-x86_64.jar:/Users/kamir/.m2/repository/io/netty/netty-tcnative-boringssl-static/2.0.61.Final/netty-tcnative-boringssl-static-2.0.61.Final-linux-aarch_64.jar:/Users/kamir/.m2/repository/io/netty/netty-tcnative-boringssl-static/2.0.61.Final/netty-tcnative-boringssl-static-2.0.61.Final-osx-x86_64.jar:/Users/kamir/.m2/repository/io/netty/netty-tcnative-boringssl-static/2.0.61.Final/netty-tcnative-boringssl-static-2.0.61.Final-osx-aarch_64.jar:/Users/kamir/.m2/repository/io/netty/netty-tcnative-boringssl-static/2.0.61.Final/netty-tcnative-boringssl-static-2.0.61.Final-windows-x86_64.jar:/Users/kamir/.m2/repository/io/grpc/grpc-context/1.61.1/grpc-context-1.61.1.jar:/Users/kamir/.m2/repository/io/grpc/grpc-netty/1.61.1/grpc-netty-1.61.1.jar:/Users/kamir/.m2/repository/org/neo4j/neo4j-capabilities/5.18.0/neo4j-capabilities-5.18.0.jar:/Users/kamir/.m2/repository/org/neo4j/neo4j-slf4j-provider/5.18.0/neo4j-slf4j-provider-5.18.0.jar:/Users/kamir/.m2/repository/org/neo4j/driver/neo4j-java-driver/5.18.0/neo4j-java-driver-5.18.0.jar:/Users/kamir/.m2/repository/io/netty/netty-handler/4.1.107.Final/netty-handler-4.1.107.Final.jar:/Users/kamir/.m2/repository/io/netty/netty-transport-native-unix-common/4.1.107.Final/netty-transport-native-unix-common-4.1.107.Final.jar:/Users/kamir/.m2/repository/io/netty/netty-codec/4.1.107.Final/netty-codec-4.1.107.Final.jar:/Users/kamir/.m2/repository/io/netty/netty-tcnative-classes/2.0.61.Final/netty-tcnative-classes-2.0.61.Final.jar:/Users/kamir/.m2/repository/io/projectreactor/reactor-core/3.6.3/reactor-core-3.6.3.jar:/Users/kamir/.m2/repository/org/junit/jupiter/junit-jupiter-api/5.10.2/junit-jupiter-api-5.10.2.jar:/Users/kamir/.m2/repository/org/opentest4j/opentest4j/1.3.0/opentest4j-1.3.0.jar:/Users/kamir/.m2/repository/org/junit/platform/junit-platform-commons/1.10.2/junit-platform-commons-1.10.2.jar:/Users/kamir/.m2/repository/org/apiguardian/apiguardian-api/1.1.2/apiguardian-api-1.1.2.jar:/Users/kamir/.m2/repository/org/junit/jupiter/junit-jupiter-engine/5.10.2/junit-jupiter-engine-5.10.2.jar:/Users/kamir/.m2/repository/org/junit/platform/junit-platform-engine/1.10.2/junit-platform-engine-1.10.2.jar:"/>
    <property name="sun.cpu.endian" value="little"/>
    <property name="user.home" value="/Users/kamir"/>
    <property name="user.language" value="de"/>
    <property name="java.specification.vendor" value="Oracle Corporation"/>
    <property name="java.version.date" value="2025-01-21"/>
    <property name="java.home" value="/opt/homebrew/Cellar/openjdk/23.0.2/libexec/openjdk.jdk/Contents/Home"/>
    <property name="file.separator" value="/"/>
    <property name="basedir" value="/Users/kamir/GITHUB.cflt/ks-inspector"/>
    <property name="java.vm.compressedOopsMode" value="Zero based"/>
    <property name="line.separator" value="&#10;"/>
    <property name="java.vm.specification.vendor" value="Oracle Corporation"/>
    <property name="java.specification.name" value="Java Platform API Specification"/>
    <property name="apple.awt.application.name" value="ForkedBooter"/>
    <property name="surefire.real.class.path" value="/Users/kamir/GITHUB.cflt/ks-inspector/target/surefire/surefirebooter-20250902192002400_3.jar"/>
    <property name="sun.management.compiler" value="HotSpot 64-Bit Tiered Compilers"/>
    <property name="ftp.nonProxyHosts" value="local|*.local|169.254/16|*.169.254/16"/>
    <property name="java.runtime.version" value="23.0.2"/>
    <property name="user.name" value="kamir"/>
    <property name="stdout.encoding" value="UTF-8"/>
    <property name="path.separator" value=":"/>
    <property name="os.version" value="14.6.1"/>
    <property name="java.runtime.name" value="OpenJDK Runtime Environment"/>
    <property name="file.encoding" value="UTF-8"/>
    <property name="java.vm.name" value="OpenJDK 64-Bit Server VM"/>
    <property name="java.vendor.version" value="Homebrew"/>
    <property name="localRepository" value="/Users/kamir/.m2/repository"/>
    <property name="java.vendor.url.bug" value="https://github.com/Homebrew/homebrew-core/issues"/>
    <property name="java.io.tmpdir" value="/var/folders/jt/_7v31n9s1cd8x_ddyqgghztc0000gn/T/"/>
    <property name="java.version" value="23.0.2"/>
    <property name="user.dir" value="/Users/kamir/GITHUB.cflt/ks-inspector"/>
    <property name="os.arch" value="aarch64"/>
    <property name="java.vm.specification.name" value="Java Virtual Machine Specification"/>
    <property name="native.encoding" value="UTF-8"/>
    <property name="java.library.path" value="/Users/kamir/Library/Java/Extensions:/Library/Java/Extensions:/Network/Library/Java/Extensions:/System/Library/Java/Extensions:/usr/lib/java:."/>
    <property name="java.vm.info" value="mixed mode, sharing"/>
    <property name="stderr.encoding" value="UTF-8"/>
    <property name="java.vendor" value="Homebrew"/>
    <property name="java.vm.version" value="23.0.2"/>
    <property name="sun.io.unicode.encoding" value="UnicodeBig"/>
    <property name="socksNonProxyHosts" value="local|*.local|169.254/16|*.169.254/16"/>
    <property name="java.class.version" value="67.0"/>
  </properties>
  <testcase name="testListTables" classname="io.confluent.ksql.client.KSQLDBClientTest" time="0.0">
    <skipped message="Requires a running KSQLDB server"/>
  </testcase>
  <testcase name="testListTopics" classname="io.confluent.ksql.client.KSQLDBClientTest" time="0.0">
    <skipped message="Requires a running KSQLDB server"/>
  </testcase>
  <testcase name="testGetServerInfo" classname="io.confluent.ksql.client.KSQLDBClientTest" time="0.0">
    <skipped message="Requires a running KSQLDB server"/>
  </testcase>
  <testcase name="testListQueries" classname="io.confluent.ksql.client.KSQLDBClientTest" time="0.0">
    <skipped message="Requires a running KSQLDB server"/>
  </testcase>
  <testcase name="testClientCreation" classname="io.confluent.ksql.client.KSQLDBClientTest" time="0.0">
    <skipped message="Requires a running KSQLDB server"/>
  </testcase>
  <testcase name="testListStreams" classname="io.confluent.ksql.client.KSQLDBClientTest" time="0.0">
    <skipped message="Requires a running KSQLDB server"/>
  </testcase>
</testsuite>